# JRE version: Java(TM) SE Runtime Environment (8.0_60-b27) (build 1.8.0_60-b27)
# Java VM: Java HotSpot(TM) 64-Bit Server VM (25.60-b23 mixed mode windows-amd64 compressed oops)
Heap:
 PSYoungGen      total 207360K, used 4569K [0x00000000d6100000, 0x00000000e6e00000, 0x0000000100000000)
  eden space 202752K, 0% used [0x00000000d6100000,0x00000000d6100000,0x00000000e2700000)
  from space 4608K, 99% used [0x00000000e6980000,0x00000000e6df6478,0x00000000e6e00000)
  to   space 15872K, 0% used [0x00000000e4f00000,0x00000000e4f00000,0x00000000e5e80000)
 ParOldGen       total 71680K, used 19189K [0x0000000082200000, 0x0000000086800000, 0x00000000d6100000)
  object space 71680K, 26% used [0x0000000082200000,0x00000000834bd6e8,0x0000000086800000)
 Metaspace       used 21857K, capacity 22178K, committed 22448K, reserved 1069056K
  class space    used 2564K, capacity 2654K, committed 2736K, reserved 1048576K
GC Heap History (10 events):
Event: 1.567 GC heap before
{Heap before GC invocations=4 (full 0):
 PSYoungGen      total 37888K, used 37888K [0x00000000d6100000, 0x00000000dab00000, 0x0000000100000000)
  eden space 32768K, 100% used [0x00000000d6100000,0x00000000d8100000,0x00000000d8100000)
  from space 5120K, 100% used [0x00000000d8100000,0x00000000d8600000,0x00000000d8600000)
  to   space 5120K, 0% used [0x00000000da600000,0x00000000da600000,0x00000000dab00000)
 ParOldGen       total 86016K, used 3995K [0x0000000082200000, 0x0000000087600000, 0x00000000d6100000)
  object space 86016K, 4% used [0x0000000082200000,0x00000000825e6fa8,0x0000000087600000)
 Metaspace       used 12929K, capacity 13214K, committed 13440K, reserved 1060864K
  class space    used 1550K, capacity 1655K, committed 1664K, reserved 1048576K
Event: 1.573 GC heap after
Heap after GC invocations=4 (full 0):
 PSYoungGen      total 70656K, used 5120K [0x00000000d6100000, 0x00000000dab00000, 0x0000000100000000)
  eden space 65536K, 0% used [0x00000000d6100000,0x00000000d6100000,0x00000000da100000)
  from space 5120K, 100% used [0x00000000da600000,0x00000000dab00000,0x00000000dab00000)
  to   space 5120K, 0% used [0x00000000da100000,0x00000000da100000,0x00000000da600000)
 ParOldGen       total 86016K, used 5615K [0x0000000082200000, 0x0000000087600000, 0x00000000d6100000)
  object space 86016K, 6% used [0x0000000082200000,0x000000008277bcb0,0x0000000087600000)
 Metaspace       used 12929K, capacity 13214K, committed 13440K, reserved 1060864K
  class space    used 1550K, capacity 1655K, committed 1664K, reserved 1048576K
}
Event: 1.973 GC heap before
{Heap before GC invocations=5 (full 0):
 PSYoungGen      total 70656K, used 70656K [0x00000000d6100000, 0x00000000dab00000, 0x0000000100000000)
  eden space 65536K, 100% used [0x00000000d6100000,0x00000000da100000,0x00000000da100000)
  from space 5120K, 100% used [0x00000000da600000,0x00000000dab00000,0x00000000dab00000)
  to   space 5120K, 0% used [0x00000000da100000,0x00000000da100000,0x00000000da600000)
 ParOldGen       total 86016K, used 5615K [0x0000000082200000, 0x0000000087600000, 0x00000000d6100000)
  object space 86016K, 6% used [0x0000000082200000,0x000000008277bcb0,0x0000000087600000)
 Metaspace       used 14954K, capacity 15216K, committed 15488K, reserved 1062912K
  class space    used 1760K, capacity 1850K, committed 1920K, reserved 1048576K
Event: 1.982 GC heap after
Heap after GC invocations=5 (full 0):
 PSYoungGen      total 70656K, used 5104K [0x00000000d6100000, 0x00000000df800000, 0x0000000100000000)
  eden space 65536K, 0% used [0x00000000d6100000,0x00000000d6100000,0x00000000da100000)
  from space 5120K, 99% used [0x00000000da100000,0x00000000da5fc3c0,0x00000000da600000)
  to   space 11776K, 0% used [0x00000000dec80000,0x00000000dec80000,0x00000000df800000)
 ParOldGen       total 86016K, used 11817K [0x0000000082200000, 0x0000000087600000, 0x00000000d6100000)
  object space 86016K, 13% used [0x0000000082200000,0x0000000082d8a668,0x0000000087600000)
 Metaspace       used 14954K, capacity 15216K, committed 15488K, reserved 1062912K
  class space    used 1760K, capacity 1850K, committed 1920K, reserved 1048576K
}
Event: 2.426 GC heap before
{Heap before GC invocations=6 (full 0):
 PSYoungGen      total 70656K, used 70640K [0x00000000d6100000, 0x00000000df800000, 0x0000000100000000)
  eden space 65536K, 100% used [0x00000000d6100000,0x00000000da100000,0x00000000da100000)
  from space 5120K, 99% used [0x00000000da100000,0x00000000da5fc3c0,0x00000000da600000)
  to   space 11776K, 0% used [0x00000000dec80000,0x00000000dec80000,0x00000000df800000)
 ParOldGen       total 86016K, used 11817K [0x0000000082200000, 0x0000000087600000, 0x00000000d6100000)
  object space 86016K, 13% used [0x0000000082200000,0x0000000082d8a668,0x0000000087600000)
 Metaspace       used 19388K, capacity 19696K, committed 19968K, reserved 1067008K
  class space    used 2329K, capacity 2443K, committed 2560K, reserved 1048576K
Event: 2.437 GC heap after
Heap after GC invocations=6 (full 0):
 PSYoungGen      total 139264K, used 11746K [0x00000000d6100000, 0x00000000dff00000, 0x0000000100000000)
  eden space 127488K, 0% used [0x00000000d6100000,0x00000000d6100000,0x00000000ddd80000)
  from space 11776K, 99% used [0x00000000dec80000,0x00000000df7f8b70,0x00000000df800000)
  to   space 15360K, 0% used [0x00000000ddd80000,0x00000000ddd80000,0x00000000dec80000)
 ParOldGen       total 86016K, used 15161K [0x0000000082200000, 0x0000000087600000, 0x00000000d6100000)
  object space 86016K, 17% used [0x0000000082200000,0x00000000830ce5b0,0x0000000087600000)
 Metaspace       used 19388K, capacity 19696K, committed 19968K, reserved 1067008K
  class space    used 2329K, capacity 2443K, committed 2560K, reserved 1048576K
}
Event: 2.630 GC heap before
{Heap before GC invocations=7 (full 0):
 PSYoungGen      total 139264K, used 54903K [0x00000000d6100000, 0x00000000dff00000, 0x0000000100000000)
  eden space 127488K, 33% used [0x00000000d6100000,0x00000000d8b25468,0x00000000ddd80000)
  from space 11776K, 99% used [0x00000000dec80000,0x00000000df7f8b70,0x00000000df800000)
  to   space 15360K, 0% used [0x00000000ddd80000,0x00000000ddd80000,0x00000000dec80000)
 ParOldGen       total 86016K, used 15161K [0x0000000082200000, 0x0000000087600000, 0x00000000d6100000)
  object space 86016K, 17% used [0x0000000082200000,0x00000000830ce5b0,0x0000000087600000)
 Metaspace       used 20803K, capacity 21112K, committed 21296K, reserved 1069056K
  class space    used 2464K, capacity 2583K, committed 2608K, reserved 1048576K
Event: 2.638 GC heap after
Heap after GC invocations=7 (full 0):
 PSYoungGen      total 142848K, used 11656K [0x00000000d6100000, 0x00000000e7900000, 0x0000000100000000)
  eden space 127488K, 0% used [0x00000000d6100000,0x00000000d6100000,0x00000000ddd80000)
  from space 15360K, 75% used [0x00000000ddd80000,0x00000000de8e2068,0x00000000dec80000)
  to   space 15872K, 0% used [0x00000000e6980000,0x00000000e6980000,0x00000000e7900000)
 ParOldGen       total 86016K, used 16427K [0x0000000082200000, 0x0000000087600000, 0x00000000d6100000)
  object space 86016K, 19% used [0x0000000082200000,0x000000008320ae30,0x0000000087600000)
 Metaspace       used 20803K, capacity 21112K, committed 21296K, reserved 1069056K
  class space    used 2464K, capacity 2583K, committed 2608K, reserved 1048576K
}
Event: 2.638 GC heap before
{Heap before GC invocations=8 (full 1):
 PSYoungGen      total 142848K, used 11656K [0x00000000d6100000, 0x00000000e7900000, 0x0000000100000000)
  eden space 127488K, 0% used [0x00000000d6100000,0x00000000d6100000,0x00000000ddd80000)
  from space 15360K, 75% used [0x00000000ddd80000,0x00000000de8e2068,0x00000000dec80000)
  to   space 15872K, 0% used [0x00000000e6980000,0x00000000e6980000,0x00000000e7900000)
 ParOldGen       total 86016K, used 16427K [0x0000000082200000, 0x0000000087600000, 0x00000000d6100000)
  object space 86016K, 19% used [0x0000000082200000,0x000000008320ae30,0x0000000087600000)
 Metaspace       used 20803K, capacity 21112K, committed 21296K, reserved 1069056K
  class space    used 2464K, capacity 2583K, committed 2608K, reserved 1048576K
Event: 2.684 GC heap after
Heap after GC invocations=8 (full 1):
 PSYoungGen      total 142848K, used 0K [0x00000000d6100000, 0x00000000e7900000, 0x0000000100000000)
  eden space 127488K, 0% used [0x00000000d6100000,0x00000000d6100000,0x00000000ddd80000)
  from space 15360K, 0% used [0x00000000ddd80000,0x00000000ddd80000,0x00000000dec80000)
  to   space 15872K, 0% used [0x00000000e6980000,0x00000000e6980000,0x00000000e7900000)
 ParOldGen       total 71680K, used 19181K [0x0000000082200000, 0x0000000086800000, 0x00000000d6100000)
  object space 71680K, 26% used [0x0000000082200000,0x00000000834bb6e8,0x0000000086800000)
 Metaspace       used 20803K, capacity 21112K, committed 21296K, reserved 1069056K
  class space    used 2464K, capacity 2583K, committed 2608K, reserved 1048576K
}

